Error occurred for commit: 62110702636994d786e701062ee02a5f9f53c69b at bsl-language-server

Error occurred for commit: 25d1234299b6d8a553d912f5c1ccd19ed3b09814 at acs-aem-commons

Error occurred for commit: 2acb9f567da3e93aa23f5c48efb36fcbce2bb98a at alluxio

Error occurred for commit: 3a6380f4e4d8f7a777a67807404d0afe28c83218 at alpha-wallet-android

Error occurred for commit: 9363946874391d8b4211dfcee0265540eaffc533 at Mindustry

Error occurred for commit: 42091c865ba96fe249244e611598adad59f78bfe at Applied-Energistics-2

Error occurred for commit: e7ef5e35a72754dea299bb2cd73d8f45f42150b7 at AxonFramework

Error occurred for commit: null at azure-libraries-for-java

Error occurred for commit: 05b32b00576c2fd914d61d8883a97e0c93a83502 at TomboloDigitalConnector

Error occurred for commit: 2a09d6af7d8184cc531952a0553cc5100b10c93d at teku

Error occurred for commit: 73f303b39b1c11507e47a7f17f505e7a80067791 at CorfuDB

Error occurred for commit: 64f8e98011041de8bcd88a0715b06c48eb4fbf49 at Create

Error occurred for commit: ae619b9cb85abfa656ebeca57922fda4b3a7426a at dinky

Error occurred for commit: 2a162b4b00027b1c3e73f5ef482539ba0c5cf86b at Discord4J

Error occurred for commit: 8146492fb3d199d406348335b8d796f3629255d7 at EventStoreDB-Client-Java

Error occurred for commit: 64db4de1a078c79aa99751336570ff8d16848d10 at downlords-faf-client

Error occurred for commit: 673ac22db23fd0db1d95c2de1cfe492c1f7be31e at fdb-record-layer

Error occurred for commit: ae70dbeece0094814b80ed2edd9e39add53b033d at Geyser

Error occurred for commit: b96dfc9a27b6ee3d796e5cfed84d2c6967e19bd0 at Glowstone

Error occurred for commit: b96dfc9a27b6ee3d796e5cfed84d2c6967e19bd0 at Glowstone

Error occurred for commit: 8d82956f38c43d6c23f37fcb39ea1ed895372283 at jib

Error occurred for commit: 099db2df86309b9108102409a50b667ec9487beb at graylog2-server

Error occurred for commit: ddd0dccfa978f4757f1c4a95306035c26ff8b325 at dataverse

Error occurred for commit: f4868c7be5d0c9da750405814dce09de34674ced at wolvic

Error occurred for commit: c383fab2c2dab9e1b32abf47b30e60e19cba8da5 at FastAsyncWorldEdit

